ISim log file
Running: C:\Users\Fade\Desktop\multicycle cpu\multicycleCPU\cpu_tf_isim_beh.exe -intstyle ise -gui -tclbatch isim.cmd -wdb C:/Users/Fade/Desktop/multicycle cpu/multicycleCPU/cpu_tf_isim_beh.wdb 
ISim P.49d (signature 0x8ef4fb42)
This is a Full version of ISim.
Time resolution is 1 ps
# onerror resume
# wave add /
# run 13000ns
Simulator is doing circuit initialization process.
Finished circuit initialization process.
ISim P.49d (signature 0x8ef4fb42)
This is a Full version of ISim.
# run 13000ns
Simulator is doing circuit initialization process.
Finished circuit initialization process.
ISim P.49d (signature 0x8ef4fb42)
This is a Full version of ISim.
# run 13000ns
Simulator is doing circuit initialization process.
Finished circuit initialization process.
ISim P.49d (signature 0x8ef4fb42)
This is a Full version of ISim.
# run 13000ns
Simulator is doing circuit initialization process.
Finished circuit initialization process.
